<?xml version="1.0" encoding="UTF-8"?>
<testsuite xmlns:xsi="http://www.w3.org/2001/XMLSchema-instance" xsi:noNamespaceSchemaLocation="https://maven.apache.org/surefire/maven-surefire-plugin/xsd/surefire-test-report-3.0.xsd" version="3.0" name="war_games.GameEngineTest" time="0.198" tests="21" errors="0" skipped="0" failures="0">
  <properties>
    <property name="java.specification.version" value="23"/>
    <property name="sun.cpu.isalist" value="amd64"/>
    <property name="sun.jnu.encoding" value="Cp1250"/>
    <property name="java.class.path" value="C:\Users\kuzim\OneDrive\Dokumenty\WARGAMEJAVA\WAR_GAME_JAVA\war_games\target\test-classes;C:\Users\kuzim\OneDrive\Dokumenty\WARGAMEJAVA\WAR_GAME_JAVA\war_games\target\classes;C:\Users\kuzim\.m2\repository\org\junit\jupiter\junit-jupiter\5.10.0\junit-jupiter-5.10.0.jar;C:\Users\kuzim\.m2\repository\org\junit\jupiter\junit-jupiter-api\5.10.0\junit-jupiter-api-5.10.0.jar;C:\Users\kuzim\.m2\repository\org\opentest4j\opentest4j\1.3.0\opentest4j-1.3.0.jar;C:\Users\kuzim\.m2\repository\org\junit\platform\junit-platform-commons\1.10.0\junit-platform-commons-1.10.0.jar;C:\Users\kuzim\.m2\repository\org\apiguardian\apiguardian-api\1.1.2\apiguardian-api-1.1.2.jar;C:\Users\kuzim\.m2\repository\org\junit\jupiter\junit-jupiter-params\5.10.0\junit-jupiter-params-5.10.0.jar;C:\Users\kuzim\.m2\repository\org\junit\jupiter\junit-jupiter-engine\5.10.0\junit-jupiter-engine-5.10.0.jar;C:\Users\kuzim\.m2\repository\org\junit\platform\junit-platform-engine\1.10.0\junit-platform-engine-1.10.0.jar;"/>
    <property name="java.vm.vendor" value="Oracle Corporation"/>
    <property name="sun.arch.data.model" value="64"/>
    <property name="user.variant" value=""/>
    <property name="java.vendor.url" value="https://java.oracle.com/"/>
    <property name="user.timezone" value="Europe/Paris"/>
    <property name="os.name" value="Windows 11"/>
    <property name="java.vm.specification.version" value="23"/>
    <property name="user.country" value="PL"/>
    <property name="sun.java.launcher" value="SUN_STANDARD"/>
    <property name="sun.boot.library.path" value="C:\Users\kuzim\OneDrive\Dokumenty\Programowanie Objektowe Java\01-kalkulator-dkuzimski\.git\Oracle_JDK-23\bin"/>
    <property name="sun.java.command" value="C:\Users\kuzim\AppData\Local\Temp\surefire1156353331232619052\surefirebooter-20250111231212256_3.jar C:\Users\kuzim\AppData\Local\Temp\surefire1156353331232619052 2025-01-11T23-12-12_074-jvmRun1 surefire-20250111231212256_1tmp surefire_0-20250111231212256_2tmp"/>
    <property name="jdk.debug" value="release"/>
    <property name="test" value="war_games.GameEngineTest"/>
    <property name="surefire.test.class.path" value="C:\Users\kuzim\OneDrive\Dokumenty\WARGAMEJAVA\WAR_GAME_JAVA\war_games\target\test-classes;C:\Users\kuzim\OneDrive\Dokumenty\WARGAMEJAVA\WAR_GAME_JAVA\war_games\target\classes;C:\Users\kuzim\.m2\repository\org\junit\jupiter\junit-jupiter\5.10.0\junit-jupiter-5.10.0.jar;C:\Users\kuzim\.m2\repository\org\junit\jupiter\junit-jupiter-api\5.10.0\junit-jupiter-api-5.10.0.jar;C:\Users\kuzim\.m2\repository\org\opentest4j\opentest4j\1.3.0\opentest4j-1.3.0.jar;C:\Users\kuzim\.m2\repository\org\junit\platform\junit-platform-commons\1.10.0\junit-platform-commons-1.10.0.jar;C:\Users\kuzim\.m2\repository\org\apiguardian\apiguardian-api\1.1.2\apiguardian-api-1.1.2.jar;C:\Users\kuzim\.m2\repository\org\junit\jupiter\junit-jupiter-params\5.10.0\junit-jupiter-params-5.10.0.jar;C:\Users\kuzim\.m2\repository\org\junit\jupiter\junit-jupiter-engine\5.10.0\junit-jupiter-engine-5.10.0.jar;C:\Users\kuzim\.m2\repository\org\junit\platform\junit-platform-engine\1.10.0\junit-platform-engine-1.10.0.jar;"/>
    <property name="sun.cpu.endian" value="little"/>
    <property name="user.home" value="C:\Users\kuzim"/>
    <property name="user.language" value="pl"/>
    <property name="java.specification.vendor" value="Oracle Corporation"/>
    <property name="java.version.date" value="2024-10-15"/>
    <property name="java.home" value="C:\Users\kuzim\OneDrive\Dokumenty\Programowanie Objektowe Java\01-kalkulator-dkuzimski\.git\Oracle_JDK-23"/>
    <property name="file.separator" value="\"/>
    <property name="basedir" value="C:\Users\kuzim\OneDrive\Dokumenty\WARGAMEJAVA\WAR_GAME_JAVA\war_games"/>
    <property name="java.vm.compressedOopsMode" value="Zero based"/>
    <property name="line.separator" value="&#10;"/>
    <property name="java.vm.specification.vendor" value="Oracle Corporation"/>
    <property name="java.specification.name" value="Java Platform API Specification"/>
    <property name="surefire.real.class.path" value="C:\Users\kuzim\AppData\Local\Temp\surefire1156353331232619052\surefirebooter-20250111231212256_3.jar"/>
    <property name="user.script" value=""/>
    <property name="sun.management.compiler" value="HotSpot 64-Bit Tiered Compilers"/>
    <property name="java.runtime.version" value="23.0.1+11-39"/>
    <property name="user.name" value="kuzim"/>
    <property name="stdout.encoding" value="Cp1250"/>
    <property name="path.separator" value=";"/>
    <property name="os.version" value="10.0"/>
    <property name="java.runtime.name" value="Java(TM) SE Runtime Environment"/>
    <property name="file.encoding" value="UTF-8"/>
    <property name="java.vm.name" value="Java HotSpot(TM) 64-Bit Server VM"/>
    <property name="maven.ext.class.path" value="C:\Users\kuzim\.vscode\extensions\oracle.oracle-java-23.0.1\nbcode\java\maven-nblib\netbeans-eventspy.jar"/>
    <property name="localRepository" value="C:\Users\kuzim\.m2\repository"/>
    <property name="java.vendor.url.bug" value="https://bugreport.java.com/bugreport/"/>
    <property name="java.io.tmpdir" value="C:\Users\kuzim\AppData\Local\Temp\"/>
    <property name="java.version" value="23.0.1"/>
    <property name="user.dir" value="C:\Users\kuzim\OneDrive\Dokumenty\WARGAMEJAVA\WAR_GAME_JAVA\war_games"/>
    <property name="os.arch" value="amd64"/>
    <property name="java.vm.specification.name" value="Java Virtual Machine Specification"/>
    <property name="sun.os.patch.level" value=""/>
    <property name="native.encoding" value="Cp1250"/>
    <property name="java.library.path" value="C:\Users\kuzim\OneDrive\Dokumenty\Programowanie Objektowe Java\01-kalkulator-dkuzimski\.git\Oracle_JDK-23\bin;C:\WINDOWS\Sun\Java\bin;C:\WINDOWS\system32;C:\WINDOWS;C:\Program Files\Common Files\Oracle\Java\javapath;C:\Windows\system32;C:\Windows;C:\Windows\System32\Wbem;C:\Windows\System32\WindowsPowerShell\v1.0\;C:\Windows\System32\OpenSSH\;C:\Program Files (x86)\NVIDIA Corporation\PhysX\Common;C:\Program Files\NVIDIA Corporation\NVIDIA NvDLISR;C:\WINDOWS\system32;C:\WINDOWS;C:\WINDOWS\System32\Wbem;C:\WINDOWS\System32\WindowsPowerShell\v1.0\;C:\WINDOWS\System32\OpenSSH\;C:\Program Files\Git\cmd;C:\Program Files\dotnet\;D:\Program Files\PuTTY\;C:\Users\kuzim\AppData\Local\Microsoft\WindowsApps;C:\Users\kuzim\OneDrive\Dokumenty\apache-maven-3.9.9\bin;;."/>
    <property name="java.vm.info" value="mixed mode, sharing"/>
    <property name="stderr.encoding" value="Cp1250"/>
    <property name="java.vendor" value="Oracle Corporation"/>
    <property name="java.vm.version" value="23.0.1+11-39"/>
    <property name="sun.io.unicode.encoding" value="UnicodeLittle"/>
    <property name="java.class.version" value="67.0"/>
  </properties>
  <testcase name="testAutoSave" classname="war_games.GameEngineTest" time="0.09">
    <system-out><![CDATA[zapis gry...
Bledy przeslano do: war_games.Generals.General
]]></system-out>
  </testcase>
  <testcase name="testGainExperience" classname="war_games.GameEngineTest" time="0.004"/>
  <testcase name="testGeneralGoldCannotBeNegative" classname="war_games.GameEngineTest" time="0.003"/>
  <testcase name="testSoldierPromotionAfterFiveTimesExperience" classname="war_games.GameEngineTest" time="0.002"/>
  <testcase name="testSaveGame" classname="war_games.GameEngineTest" time="0.007">
    <system-out><![CDATA[zapis gry...
Bledy przeslano do: war_games.Generals.General
]]></system-out>
  </testcase>
  <testcase name="testLoggerMsg" classname="war_games.GameEngineTest" time="0.004"/>
  <testcase name="testGetStrength" classname="war_games.GameEngineTest" time="0.001"/>
  <testcase name="testRemoveDeadSoldiers" classname="war_games.GameEngineTest" time="0.002"/>
  <testcase name="testAddSoldier" classname="war_games.GameEngineTest" time="0.001"/>
  <testcase name="testSoldierExperienceCannotBeNegative" classname="war_games.GameEngineTest" time="0.002"/>
  <testcase name="testSoldierRankCannotBeNull" classname="war_games.GameEngineTest" time="0.001"/>
  <testcase name="testSaveMethod" classname="war_games.GameEngineTest" time="0.007">
    <system-out><![CDATA[Bledy przeslano do: war_games.Generals.General
]]></system-out>
  </testcase>
  <testcase name="testLoseExperience" classname="war_games.GameEngineTest" time="0.001"/>
  <testcase name="testManeuversWithSoldiers" classname="war_games.GameEngineTest" time="0.005">
    <system-out><![CDATA[Performing maneuvers for General 1
Maneuvers completed successfully.
]]></system-out>
  </testcase>
  <testcase name="testArmyAttack" classname="war_games.GameEngineTest" time="0.002">
    <system-out><![CDATA[To jest remis, obaj generalowie tracja po jednym zolnierzu.
]]></system-out>
  </testcase>
  <testcase name="testCannotAddNullSoldierToArmy" classname="war_games.GameEngineTest" time="0.001"/>
  <testcase name="testSoldierDiesWhenExperienceIsZero" classname="war_games.GameEngineTest" time="0.001"/>
  <testcase name="testGenerateReport" classname="war_games.GameEngineTest" time="0.002"/>
  <testcase name="testRemoveSoldier" classname="war_games.GameEngineTest" time="0.002"/>
  <testcase name="testSoldiersGold_Not" classname="war_games.GameEngineTest" time="0.001">
    <system-out><![CDATA[Niewystarczajaco zlota!
]]></system-out>
  </testcase>
  <testcase name="testSoldiersGold" classname="war_games.GameEngineTest" time="0.001">
    <system-out><![CDATA[Zolniez zostal zrekrutowany!
]]></system-out>
  </testcase>
</testsuite>